<?xml version="1.0" encoding="utf-8"?><testsuites name="pytest tests"><testsuite name="pytest" errors="0" failures="0" skipped="0" tests="27" time="15.956" timestamp="2026-06-18T10:04:46.350782+00:00" hostname="agent-env-7127e2ae-119f-4690-8338-75a40eba6205"><testcase classname="backend.tests.test_flick_api" name="test_root" time="0.559" /><testcase classname="backend.tests.test_flick_api" name="test_register_and_me" time="0.461" /><testcase classname="backend.tests.test_flick_api" name="test_register_duplicate_400" time="0.127" /><testcase classname="backend.tests.test_flick_api" name="test_login_invalid" time="0.357" /><testcase classname="backend.tests.test_flick_api" name="test_login_ava" time="0.356" /><testcase classname="backend.tests.test_flick_api" name="test_refresh" time="0.400" /><testcase classname="backend.tests.test_flick_api" name="test_auth_me_no_token_401" time="0.093" /><testcase classname="backend.tests.test_flick_api" name="test_update_profile" time="0.515" /><testcase classname="backend.tests.test_flick_api" name="test_get_user_by_id" time="0.631" /><testcase classname="backend.tests.test_flick_api" name="test_get_user_not_found" time="0.394" /><testcase classname="backend.tests.test_flick_api" name="test_discover_excludes_self" time="0.361" /><testcase classname="backend.tests.test_flick_api" name="test_swipe_and_mutual_match" time="0.804" /><testcase classname="backend.tests.test_flick_api" name="test_swipe_self_400" time="0.451" /><testcase classname="backend.tests.test_flick_api" name="test_swipe_bad_action_400" time="0.692" /><testcase classname="backend.tests.test_flick_api" name="test_swipe_undo" time="0.515" /><testcase classname="backend.tests.test_flick_api" name="test_chat_send_and_messages" time="2.253" /><testcase classname="backend.tests.test_flick_api" name="test_chat_unauthorized_match_404" time="0.363" /><testcase classname="backend.tests.test_flick_api" name="test_ai_moderate" time="1.388" /><testcase classname="backend.tests.test_flick_api" name="test_ai_translate_es" time="1.258" /><testcase classname="backend.tests.test_flick_api" name="test_video_queue_match_and_cancel" time="0.803" /><testcase classname="backend.tests.test_flick_api" name="test_subscription_update" time="0.425" /><testcase classname="backend.tests.test_flick_api" name="test_subscription_bad_plan" time="0.368" /><testcase classname="backend.tests.test_flick_api" name="test_wallet_buy_pack" time="0.356" /><testcase classname="backend.tests.test_flick_api" name="test_wallet_bad_pack" time="0.401" /><testcase classname="backend.tests.test_flick_api" name="test_report_decreases_trust" time="0.768" /><testcase classname="backend.tests.test_flick_api" name="test_admin_stats_forbidden_for_non_admin" time="0.365" /><testcase classname="backend.tests.test_flick_api" name="test_admin_stats_ok_for_admin" time="0.414" /></testsuite></testsuites>