<?xml version="1.0" encoding="utf-8"?><testsuites name="pytest tests"><testsuite name="pytest" errors="0" failures="0" skipped="0" tests="37" time="28.570" timestamp="2026-06-18T10:26:39.529419+00:00" hostname="agent-env-7127e2ae-119f-4690-8338-75a40eba6205"><testcase classname="backend.tests.test_flick_api" name="test_root" time="0.286" /><testcase classname="backend.tests.test_flick_api" name="test_register_and_me" time="0.419" /><testcase classname="backend.tests.test_flick_api" name="test_register_duplicate_400" time="0.132" /><testcase classname="backend.tests.test_flick_api" name="test_login_invalid" time="0.324" /><testcase classname="backend.tests.test_flick_api" name="test_login_ava" time="0.379" /><testcase classname="backend.tests.test_flick_api" name="test_refresh" time="0.399" /><testcase classname="backend.tests.test_flick_api" name="test_auth_me_no_token_401" time="0.092" /><testcase classname="backend.tests.test_flick_api" name="test_update_profile" time="0.428" /><testcase classname="backend.tests.test_flick_api" name="test_get_user_by_id" time="0.639" /><testcase classname="backend.tests.test_flick_api" name="test_get_user_not_found" time="0.391" /><testcase classname="backend.tests.test_flick_api" name="test_discover_excludes_self" time="0.363" /><testcase classname="backend.tests.test_flick_api" name="test_swipe_and_mutual_match" time="0.804" /><testcase classname="backend.tests.test_flick_api" name="test_swipe_self_400" time="0.411" /><testcase classname="backend.tests.test_flick_api" name="test_swipe_bad_action_400" time="0.719" /><testcase classname="backend.tests.test_flick_api" name="test_swipe_undo" time="0.484" /><testcase classname="backend.tests.test_flick_api" name="test_chat_send_and_messages" time="2.408" /><testcase classname="backend.tests.test_flick_api" name="test_chat_unauthorized_match_404" time="0.454" /><testcase classname="backend.tests.test_flick_api" name="test_ai_moderate" time="1.732" /><testcase classname="backend.tests.test_flick_api" name="test_ai_translate_es" time="1.583" /><testcase classname="backend.tests.test_flick_api" name="test_video_queue_match_and_cancel" time="0.810" /><testcase classname="backend.tests.test_flick_api" name="test_subscription_update" time="0.424" /><testcase classname="backend.tests.test_flick_api" name="test_subscription_bad_plan" time="0.369" /><testcase classname="backend.tests.test_flick_api" name="test_wallet_buy_pack" time="0.366" /><testcase classname="backend.tests.test_flick_api" name="test_wallet_bad_pack" time="0.370" /><testcase classname="backend.tests.test_flick_api" name="test_report_decreases_trust" time="0.718" /><testcase classname="backend.tests.test_flick_api" name="test_admin_stats_forbidden_for_non_admin" time="0.372" /><testcase classname="backend.tests.test_flick_api" name="test_admin_stats_ok_for_admin" time="0.402" /><testcase classname="backend.tests.test_flick_v2" name="test_checkout_premium_returns_url" time="0.989" /><testcase classname="backend.tests.test_flick_v2" name="test_checkout_bad_plan" time="0.369" /><testcase classname="backend.tests.test_flick_v2" name="test_checkout_status_owner_vs_stranger" time="1.426" /><testcase classname="backend.tests.test_flick_v2" name="test_emergent_google_bad_session" time="0.237" /><testcase classname="backend.tests.test_flick_v2" name="test_emergent_google_validation_error" time="0.094" /><testcase classname="backend.tests.test_flick_v2" name="test_profile_photos_put_and_clip_to_6" time="0.425" /><testcase classname="backend.tests.test_flick_v2" name="test_chat_send_text_image_voice_types" time="1.963" /><testcase classname="backend.tests.test_flick_v2" name="test_chat_send_empty_text_400" time="0.838" /><testcase classname="backend.tests.test_flick_v2" name="test_chat_read_and_unread_counts" time="5.475" /><testcase classname="backend.tests.test_flick_v2" name="test_chat_read_unauthorized_match_404" time="0.393" /></testsuite></testsuites>